Added Pin To Net: NetName=3.3 V Pin=C2-1
Added Pin To Net: NetName=3.3 V Pin=C5-1
Added Pin To Net: NetName=3.3 V Pin=C6-1
Added Pin To Net: NetName=3.3 V Pin=C10-1
Added Pin To Net: NetName=3.3 V Pin=C11-1
Added Pin To Net: NetName=3.3 V Pin=C14-1
Added Pin To Net: NetName=3.3 V Pin=C15-1
Added Pin To Net: NetName=3.3 V Pin=C16-1
Added Pin To Net: NetName=3.3 V Pin=C17-1
Added Pin To Net: NetName=3.3 V Pin=C18-1
Added Pin To Net: NetName=3.3 V Pin=J3-1
Added Pin To Net: NetName=3.3 V Pin=J4-1
Added Pin To Net: NetName=3.3 V Pin=R2-2
Added Pin To Net: NetName=3.3 V Pin=R3-2
Added Pin To Net: NetName=3.3 V Pin=R4-2
Added Pin To Net: NetName=3.3 V Pin=R5-2
Added Pin To Net: NetName=3.3 V Pin=U1-4
Added Pin To Net: NetName=3.3 V Pin=U2-3
Added Pin To Net: NetName=3.3 V Pin=U4-1
Added Pin To Net: NetName=3.3 V Pin=U4-24
Added Pin To Net: NetName=3.3 V Pin=U5-6
Added Pin To Net: NetName=3.3 V Pin=U5-8
Added Pin To Net: NetName=3.3 V Pin=U6-8
Added Pin To Net: NetName=3.3 V Pin=U6-13
Added Net: Name=3.3 V
Added Pin To Net: NetName=5V Pin=C4-1
Added Pin To Net: NetName=5V Pin=D1-2
Added Pin To Net: NetName=5V Pin=J1-1
Added Pin To Net: NetName=5V Pin=J2-1
Added Pin To Net: NetName=5V Pin=U3-2
Added Net: Name=5V
Added Pin To Net: NetName=7.4V Pin=C1-1
Added Pin To Net: NetName=7.4V Pin=C3-1
Added Pin To Net: NetName=7.4V Pin=D2-2
Added Pin To Net: NetName=7.4V Pin=U2-2
Added Pin To Net: NetName=7.4V Pin=U3-1
Added Net: Name=7.4V
Added Pin To Net: NetName=GND Pin=B1-2
Added Pin To Net: NetName=GND Pin=B2-3
Added Pin To Net: NetName=GND Pin=B2-4
Added Pin To Net: NetName=GND Pin=C1-2
Added Pin To Net: NetName=GND Pin=C2-2
Added Pin To Net: NetName=GND Pin=C3-2
Added Pin To Net: NetName=GND Pin=C4-2
Added Pin To Net: NetName=GND Pin=C5-2
Added Pin To Net: NetName=GND Pin=C6-2
Added Pin To Net: NetName=GND Pin=C7-1
Added Pin To Net: NetName=GND Pin=C8-1
Added Pin To Net: NetName=GND Pin=C9-2
Added Pin To Net: NetName=GND Pin=C10-2
Added Pin To Net: NetName=GND Pin=C11-2
Added Pin To Net: NetName=GND Pin=C12-2
Added Pin To Net: NetName=GND Pin=C13-2
Added Pin To Net: NetName=GND Pin=C14-2
Added Pin To Net: NetName=GND Pin=C15-2
Added Pin To Net: NetName=GND Pin=C16-2
Added Pin To Net: NetName=GND Pin=C17-2
Added Pin To Net: NetName=GND Pin=C18-2
Added Pin To Net: NetName=GND Pin=J1-2
Added Pin To Net: NetName=GND Pin=J2-2
Added Pin To Net: NetName=GND Pin=J3-2
Added Pin To Net: NetName=GND Pin=J4-3
Added Pin To Net: NetName=GND Pin=K1-2
Added Pin To Net: NetName=GND Pin=K2-2
Added Pin To Net: NetName=GND Pin=R1-2
Added Pin To Net: NetName=GND Pin=R5-1
Added Pin To Net: NetName=GND Pin=U1-6
Added Pin To Net: NetName=GND Pin=U1-10
Added Pin To Net: NetName=GND Pin=U1-11
Added Pin To Net: NetName=GND Pin=U1-12
Added Pin To Net: NetName=GND Pin=U1-13
Added Pin To Net: NetName=GND Pin=U2-1
Added Pin To Net: NetName=GND Pin=U3-3
Added Pin To Net: NetName=GND Pin=U4-23
Added Pin To Net: NetName=GND Pin=U4-47
Added Pin To Net: NetName=GND Pin=U5-1
Added Pin To Net: NetName=GND Pin=U5-7
Added Pin To Net: NetName=GND Pin=U6-1
Added Pin To Net: NetName=GND Pin=U6-9
Added Pin To Net: NetName=GND Pin=U6-11
Added Pin To Net: NetName=GND Pin=U6-18
Added Pin To Net: NetName=GND Pin=Y1-2
Added Pin To Net: NetName=GND Pin=Y1-4
Added Net: Name=GND
Added Pin To Net: NetName=NetB1_1 Pin=B1-1
Added Pin To Net: NetName=NetB1_1 Pin=U4-32
Added Net: Name=NetB1_1
Added Pin To Net: NetName=NetB2_1 Pin=B2-1
Added Pin To Net: NetName=NetB2_1 Pin=B2-2
Added Pin To Net: NetName=NetB2_1 Pin=C12-1
Added Pin To Net: NetName=NetB2_1 Pin=J4-5
Added Pin To Net: NetName=NetB2_1 Pin=R2-1
Added Pin To Net: NetName=NetB2_1 Pin=U4-7
Added Net: Name=NetB2_1
Added Pin To Net: NetName=NetC7_2 Pin=C7-2
Added Pin To Net: NetName=NetC7_2 Pin=U4-5
Added Pin To Net: NetName=NetC7_2 Pin=Y1-1
Added Net: Name=NetC7_2
Added Pin To Net: NetName=NetC8_2 Pin=C8-2
Added Pin To Net: NetName=NetC8_2 Pin=U4-6
Added Pin To Net: NetName=NetC8_2 Pin=Y1-3
Added Net: Name=NetC8_2
Added Pin To Net: NetName=NetC9_1 Pin=C9-1
Added Pin To Net: NetName=NetC9_1 Pin=U6-10
Added Net: Name=NetC9_1
Added Pin To Net: NetName=NetC13_1 Pin=C13-1
Added Pin To Net: NetName=NetC13_1 Pin=U6-20
Added Net: Name=NetC13_1
Added Pin To Net: NetName=NetD1_1 Pin=D1-1
Added Pin To Net: NetName=NetD1_1 Pin=K1-1
Added Net: Name=NetD1_1
Added Pin To Net: NetName=NetD2_1 Pin=D2-1
Added Pin To Net: NetName=NetD2_1 Pin=K2-1
Added Net: Name=NetD2_1
Added Pin To Net: NetName=NetJ1_3 Pin=J1-3
Added Pin To Net: NetName=NetJ1_3 Pin=U4-25
Added Net: Name=NetJ1_3
Added Pin To Net: NetName=NetJ2_3 Pin=J2-3
Added Pin To Net: NetName=NetJ2_3 Pin=U4-13
Added Net: Name=NetJ2_3
Added Pin To Net: NetName=NetJ2_4 Pin=J2-4
Added Pin To Net: NetName=NetJ2_4 Pin=U4-12
Added Net: Name=NetJ2_4
Added Pin To Net: NetName=NetJ3_3 Pin=J3-3
Added Pin To Net: NetName=NetJ3_3 Pin=U4-30
Added Net: Name=NetJ3_3
Added Pin To Net: NetName=NetJ3_4 Pin=J3-4
Added Pin To Net: NetName=NetJ3_4 Pin=U4-31
Added Net: Name=NetJ3_4
Added Pin To Net: NetName=NetJ4_2 Pin=J4-2
Added Pin To Net: NetName=NetJ4_2 Pin=U4-37
Added Net: Name=NetJ4_2
Added Pin To Net: NetName=NetJ4_4 Pin=J4-4
Added Pin To Net: NetName=NetJ4_4 Pin=U4-34
Added Net: Name=NetJ4_4
Added Pin To Net: NetName=NetR1_1 Pin=R1-1
Added Pin To Net: NetName=NetR1_1 Pin=U4-44
Added Net: Name=NetR1_1
Added Pin To Net: NetName=NetR3_1 Pin=R3-1
Added Pin To Net: NetName=NetR3_1 Pin=U4-22
Added Pin To Net: NetName=NetR3_1 Pin=U6-24
Added Net: Name=NetR3_1
Added Pin To Net: NetName=NetR4_1 Pin=R4-1
Added Pin To Net: NetName=NetR4_1 Pin=U4-21
Added Pin To Net: NetName=NetR4_1 Pin=U6-23
Added Net: Name=NetR4_1
Added Pin To Net: NetName=NetU1_2 Pin=U1-2
Added Pin To Net: NetName=NetU1_2 Pin=U4-11
Added Net: Name=NetU1_2
Added Pin To Net: NetName=NetU1_3 Pin=U1-3
Added Pin To Net: NetName=NetU1_3 Pin=U4-17
Added Pin To Net: NetName=NetU1_3 Pin=U5-3
Added Net: Name=NetU1_3
Added Pin To Net: NetName=NetU1_5 Pin=U1-5
Added Pin To Net: NetName=NetU1_5 Pin=U4-15
Added Pin To Net: NetName=NetU1_5 Pin=U5-4
Added Net: Name=NetU1_5
Added Pin To Net: NetName=NetU1_7 Pin=U1-7
Added Pin To Net: NetName=NetU1_7 Pin=U4-16
Added Pin To Net: NetName=NetU1_7 Pin=U5-5
Added Net: Name=NetU1_7
Added Pin To Net: NetName=NetU4_14 Pin=U4-14
Added Pin To Net: NetName=NetU4_14 Pin=U5-2
Added Net: Name=NetU4_14
Added Class: Name=Pre-Avionic-Design
Added Room: Name=Pre-Avionic-Design
